0 info it worked if it ends with ok
1 verbose cli [ '/usr/bin/nodejs', '/usr/local/bin/npm', 'run', 'dimon2' ]
2 info using npm@3.8.9
3 info using node@v5.12.0
4 verbose run-script [ 'predimon2', 'dimon2', 'postdimon2' ]
5 info lifecycle start@1.0.0~predimon2: start@1.0.0
6 silly lifecycle start@1.0.0~predimon2: no script for predimon2, continuing
7 info lifecycle start@1.0.0~dimon2: start@1.0.0
8 verbose lifecycle start@1.0.0~dimon2: unsafe-perm in lifecycle true
9 verbose lifecycle start@1.0.0~dimon2: PATH: /usr/local/lib/node_modules/npm/bin/node-gyp-bin:/home/anonim/workNote/nodejsLearn/nodeAsWebServer/node_modules/.bin:/usr/bin:/usr/local/sbin:/usr/local/bin:/usr/sbin:/usr/bin:/sbin:/bin:/usr/games:/usr/local/games:/snap/bin
10 verbose lifecycle start@1.0.0~dimon2: CWD: /home/anonim/workNote/nodejsLearn/nodeAsWebServer
11 silly lifecycle start@1.0.0~dimon2: Args: [ '-c', 'server.js --out-file serverES6.js' ]
12 info lifecycle start@1.0.0~dimon2: Failed to exec dimon2 script
13 verbose stack Error: start@1.0.0 dimon2: `server.js --out-file serverES6.js`
13 verbose stack spawn ENOENT
13 verbose stack     at ChildProcess.<anonymous> (/usr/local/lib/node_modules/npm/lib/utils/spawn.js:17:16)
13 verbose stack     at emitTwo (events.js:100:13)
13 verbose stack     at ChildProcess.emit (events.js:185:7)
13 verbose stack     at maybeClose (internal/child_process.js:850:16)
13 verbose stack     at Process.ChildProcess._handle.onexit (internal/child_process.js:215:5)
14 verbose pkgid start@1.0.0
15 verbose cwd /home/anonim/workNote/nodejsLearn/nodeAsWebServer
16 error Linux 4.4.0-38-generic
17 error argv "/usr/bin/nodejs" "/usr/local/bin/npm" "run" "dimon2"
18 error node v5.12.0
19 error npm  v3.8.9
20 error file sh
21 error code ELIFECYCLE
22 error errno ENOENT
23 error syscall spawn
24 error start@1.0.0 dimon2: `server.js --out-file serverES6.js`
24 error spawn ENOENT
25 error Failed at the start@1.0.0 dimon2 script 'server.js --out-file serverES6.js'.
25 error Make sure you have the latest version of node.js and npm installed.
25 error If you do, this is most likely a problem with the start package,
25 error not with npm itself.
25 error Tell the author that this fails on your system:
25 error     server.js --out-file serverES6.js
25 error You can get information on how to open an issue for this project with:
25 error     npm bugs start
25 error Or if that isn't available, you can get their info via:
25 error     npm owner ls start
25 error There is likely additional logging output above.
26 verbose exit [ 1, true ]
